2022-05-16 08:33:54.605  INFO 1796 --- [restartedMain] br.com.wm.appapi.AppApiApplication       : Starting AppApiApplication using Java 1.8.0_281 on DESKTOP-E4FEAF1 with PID 1796 (C:\Fontes\FontesSTS\app-api\target\classes started by User in C:\Fontes\FontesSTS\app-api)
2022-05-16 08:33:54.616  INFO 1796 --- [restartedMain] br.com.wm.appapi.AppApiApplication       : The following 1 profile is active: "dev"
2022-05-16 08:33:54.700  INFO 1796 --- [restartedMain] .e.DevToolsPropertyDefaultsPostProcessor : Devtools property defaults active! Set 'spring.devtools.add-properties' to 'false' to disable
2022-05-16 08:33:54.700  INFO 1796 --- [restartedMain] .e.DevToolsPropertyDefaultsPostProcessor : For additional web related logging consider setting the 'logging.level.web' property to 'DEBUG'
2022-05-16 08:34:26.253  INFO 2696 --- [restartedMain] br.com.wm.appapi.AppApiApplication       : Starting AppApiApplication using Java 1.8.0_281 on DESKTOP-E4FEAF1 with PID 2696 (C:\Fontes\FontesSTS\app-api\target\classes started by User in C:\Fontes\FontesSTS\app-api)
2022-05-16 08:34:26.255  INFO 2696 --- [restartedMain] br.com.wm.appapi.AppApiApplication       : The following 1 profile is active: "dev"
2022-05-16 08:34:26.335  INFO 2696 --- [restartedMain] .e.DevToolsPropertyDefaultsPostProcessor : Devtools property defaults active! Set 'spring.devtools.add-properties' to 'false' to disable
2022-05-16 08:34:26.335  INFO 2696 --- [restartedMain] .e.DevToolsPropertyDefaultsPostProcessor : For additional web related logging consider setting the 'logging.level.web' property to 'DEBUG'
2022-05-16 08:34:27.702  INFO 2696 --- [restartedMain] .s.d.r.c.RepositoryConfigurationDelegate : Bootstrapping Spring Data JPA repositories in DEFAULT mode.
2022-05-16 08:34:27.790  INFO 2696 --- [restartedMain] .s.d.r.c.RepositoryConfigurationDelegate : Finished Spring Data repository scanning in 73 ms. Found 2 JPA repository interfaces.
2022-05-16 08:34:29.194  INFO 2696 --- [restartedMain] o.s.b.w.embedded.tomcat.TomcatWebServer  : Tomcat initialized with port(s): 8080 (http)
2022-05-16 08:34:29.208  INFO 2696 --- [restartedMain] o.apache.catalina.core.StandardService   : Starting service [Tomcat]
2022-05-16 08:34:29.208  INFO 2696 --- [restartedMain] org.apache.catalina.core.StandardEngine  : Starting Servlet engine: [Apache Tomcat/9.0.60]
2022-05-16 08:34:29.302  INFO 2696 --- [restartedMain] o.a.c.c.C.[Tomcat].[localhost].[/]       : Initializing Spring embedded WebApplicationContext
2022-05-16 08:34:29.303  INFO 2696 --- [restartedMain] w.s.c.ServletWebServerApplicationContext : Root WebApplicationContext: initialization completed in 2967 ms
2022-05-16 08:34:29.351  INFO 2696 --- [restartedMain] com.zaxxer.hikari.HikariDataSource       : HikariPool-1 - Starting...
2022-05-16 08:34:30.489  INFO 2696 --- [restartedMain] com.zaxxer.hikari.HikariDataSource       : HikariPool-1 - Start completed.
2022-05-16 08:34:30.502  INFO 2696 --- [restartedMain] o.s.b.a.h2.H2ConsoleAutoConfiguration    : H2 console available at '/h2-console'. Database available at 'jdbc:mysql://localhost:3306/app?createDatabaseIfNotExist=true&useSSL=false&useTimezone=true&serverTimezone=America/Sao_Paulo&allowPublicKeyRetrieval=true'
2022-05-16 08:34:30.973  INFO 2696 --- [restartedMain] o.f.c.internal.license.VersionPrinter    : Flyway Community Edition 8.0.5 by Redgate
2022-05-16 08:34:30.973  INFO 2696 --- [restartedMain] o.f.c.i.database.base.BaseDatabaseType   : Database: jdbc:mysql://localhost:3306/app (MySQL 8.0)
2022-05-16 08:34:31.225  INFO 2696 --- [restartedMain] o.f.core.internal.command.DbValidate     : Successfully validated 2 migrations (execution time 00:00.102s)
2022-05-16 08:34:31.278  INFO 2696 --- [restartedMain] o.f.core.internal.command.DbMigrate      : Current version of schema `app`: 02
2022-05-16 08:34:31.280  INFO 2696 --- [restartedMain] o.f.core.internal.command.DbMigrate      : Schema `app` is up to date. No migration necessary.
2022-05-16 08:34:31.633  INFO 2696 --- [restartedMain] o.hibernate.jpa.internal.util.LogHelper  : HHH000204: Processing PersistenceUnitInfo [name: default]
2022-05-16 08:34:31.828  INFO 2696 --- [restartedMain] org.hibernate.Version                    : HHH000412: Hibernate ORM core version 5.6.7.Final
2022-05-16 08:34:32.233  INFO 2696 --- [restartedMain] o.hibernate.annotations.common.Version   : HCANN000001: Hibernate Commons Annotations {5.1.2.Final}
2022-05-16 08:34:32.508  INFO 2696 --- [restartedMain] org.hibernate.dialect.Dialect            : HHH000400: Using dialect: org.hibernate.dialect.MySQL57Dialect
2022-05-16 08:34:33.823  INFO 2696 --- [restartedMain] o.h.e.t.j.p.i.JtaPlatformInitiator       : HHH000490: Using JtaPlatform implementation: [org.hibernate.engine.transaction.jta.platform.internal.NoJtaPlatform]
2022-05-16 08:34:33.842  INFO 2696 --- [restartedMain] j.LocalContainerEntityManagerFactoryBean : Initialized JPA EntityManagerFactory for persistence unit 'default'
2022-05-16 08:34:33.851  INFO 2696 --- [restartedMain] br.com.wm.appapi.AppApiApplication       : Server running in UTC timezone :Mon May 16 08:34:33 BRT 2022
2022-05-16 08:34:34.861  WARN 2696 --- [restartedMain] JpaBaseConfiguration$JpaWebConfiguration : spring.jpa.open-in-view is enabled by default. Therefore, database queries may be performed during view rendering. Explicitly configure spring.jpa.open-in-view to disable this warning
2022-05-16 08:34:35.677  INFO 2696 --- [restartedMain] o.s.s.web.DefaultSecurityFilterChain     : Will not secure any request
2022-05-16 08:34:36.021  INFO 2696 --- [restartedMain] o.s.b.d.a.OptionalLiveReloadServer       : LiveReload server is running on port 35729
2022-05-16 08:34:36.139  INFO 2696 --- [restartedMain] o.s.b.w.embedded.tomcat.TomcatWebServer  : Tomcat started on port(s): 8080 (http) with context path ''
2022-05-16 08:34:36.154  INFO 2696 --- [restartedMain] br.com.wm.appapi.AppApiApplication       : Started AppApiApplication in 10.455 seconds (JVM running for 11.367)
2022-05-16 08:37:14.444  INFO 1740 --- [restartedMain] br.com.wm.appapi.AppApiApplication       : Starting AppApiApplication using Java 1.8.0_281 on DESKTOP-E4FEAF1 with PID 1740 (C:\Fontes\FontesSTS\app-api\target\classes started by User in C:\Fontes\FontesSTS\app-api)
2022-05-16 08:37:14.446  INFO 1740 --- [restartedMain] br.com.wm.appapi.AppApiApplication       : The following 1 profile is active: "prod"
2022-05-16 08:37:14.515  INFO 1740 --- [restartedMain] .e.DevToolsPropertyDefaultsPostProcessor : Devtools property defaults active! Set 'spring.devtools.add-properties' to 'false' to disable
2022-05-16 08:37:14.515  INFO 1740 --- [restartedMain] .e.DevToolsPropertyDefaultsPostProcessor : For additional web related logging consider setting the 'logging.level.web' property to 'DEBUG'
2022-05-16 08:37:15.621  INFO 1740 --- [restartedMain] .s.d.r.c.RepositoryConfigurationDelegate : Bootstrapping Spring Data JPA repositories in DEFAULT mode.
2022-05-16 08:37:15.722  INFO 1740 --- [restartedMain] .s.d.r.c.RepositoryConfigurationDelegate : Finished Spring Data repository scanning in 85 ms. Found 2 JPA repository interfaces.
2022-05-16 08:37:17.180  INFO 1740 --- [restartedMain] o.s.b.w.embedded.tomcat.TomcatWebServer  : Tomcat initialized with port(s): 8080 (http)
2022-05-16 08:37:17.196  INFO 1740 --- [restartedMain] o.apache.catalina.core.StandardService   : Starting service [Tomcat]
2022-05-16 08:37:17.196  INFO 1740 --- [restartedMain] org.apache.catalina.core.StandardEngine  : Starting Servlet engine: [Apache Tomcat/9.0.60]
2022-05-16 08:37:17.289  INFO 1740 --- [restartedMain] o.a.c.c.C.[Tomcat].[localhost].[/]       : Initializing Spring embedded WebApplicationContext
2022-05-16 08:37:17.289  INFO 1740 --- [restartedMain] w.s.c.ServletWebServerApplicationContext : Root WebApplicationContext: initialization completed in 2773 ms
2022-05-16 08:37:17.338  INFO 1740 --- [restartedMain] com.zaxxer.hikari.HikariDataSource       : HikariPool-1 - Starting...
2022-05-16 08:37:17.589  INFO 1740 --- [restartedMain] com.zaxxer.hikari.HikariDataSource       : HikariPool-1 - Start completed.
2022-05-16 08:37:17.600  INFO 1740 --- [restartedMain] o.s.b.a.h2.H2ConsoleAutoConfiguration    : H2 console available at '/h2-console'. Database available at 'jdbc:mysql://localhost:3306/app?createDatabaseIfNotExist=true&useSSL=false&useTimezone=true&serverTimezone=America/Sao_Paulo&allowPublicKeyRetrieval=true'
2022-05-16 08:37:17.898  INFO 1740 --- [restartedMain] o.f.c.internal.license.VersionPrinter    : Flyway Community Edition 8.0.5 by Redgate
2022-05-16 08:37:17.899  INFO 1740 --- [restartedMain] o.f.c.i.database.base.BaseDatabaseType   : Database: jdbc:mysql://localhost:3306/app (MySQL 8.0)
2022-05-16 08:37:18.013  INFO 1740 --- [restartedMain] o.f.core.internal.command.DbValidate     : Successfully validated 2 migrations (execution time 00:00.043s)
2022-05-16 08:37:18.036  INFO 1740 --- [restartedMain] o.f.core.internal.command.DbMigrate      : Current version of schema `app`: 02
2022-05-16 08:37:18.038  INFO 1740 --- [restartedMain] o.f.core.internal.command.DbMigrate      : Schema `app` is up to date. No migration necessary.
2022-05-16 08:37:18.202  INFO 1740 --- [restartedMain] o.hibernate.jpa.internal.util.LogHelper  : HHH000204: Processing PersistenceUnitInfo [name: default]
2022-05-16 08:37:18.287  INFO 1740 --- [restartedMain] org.hibernate.Version                    : HHH000412: Hibernate ORM core version 5.6.7.Final
2022-05-16 08:37:18.538  INFO 1740 --- [restartedMain] o.hibernate.annotations.common.Version   : HCANN000001: Hibernate Commons Annotations {5.1.2.Final}
2022-05-16 08:37:18.702  INFO 1740 --- [restartedMain] org.hibernate.dialect.Dialect            : HHH000400: Using dialect: org.hibernate.dialect.MySQL57Dialect
2022-05-16 08:37:19.699  INFO 1740 --- [restartedMain] o.h.e.t.j.p.i.JtaPlatformInitiator       : HHH000490: Using JtaPlatform implementation: [org.hibernate.engine.transaction.jta.platform.internal.NoJtaPlatform]
2022-05-16 08:37:19.712  INFO 1740 --- [restartedMain] j.LocalContainerEntityManagerFactoryBean : Initialized JPA EntityManagerFactory for persistence unit 'default'
2022-05-16 08:37:19.718  INFO 1740 --- [restartedMain] br.com.wm.appapi.AppApiApplication       : Server running in UTC timezone :Mon May 16 08:37:19 BRT 2022
2022-05-16 08:37:20.366  WARN 1740 --- [restartedMain] JpaBaseConfiguration$JpaWebConfiguration : spring.jpa.open-in-view is enabled by default. Therefore, database queries may be performed during view rendering. Explicitly configure spring.jpa.open-in-view to disable this warning
2022-05-16 08:37:20.910  INFO 1740 --- [restartedMain] o.s.s.web.DefaultSecurityFilterChain     : Will not secure any request
2022-05-16 08:37:21.176  INFO 1740 --- [restartedMain] o.s.b.d.a.OptionalLiveReloadServer       : LiveReload server is running on port 35729
2022-05-16 08:37:21.223  INFO 1740 --- [restartedMain] o.s.b.w.embedded.tomcat.TomcatWebServer  : Tomcat started on port(s): 8080 (http) with context path ''
2022-05-16 08:37:21.236  INFO 1740 --- [restartedMain] br.com.wm.appapi.AppApiApplication       : Started AppApiApplication in 7.35 seconds (JVM running for 8.122)
2022-05-16 08:57:10.638  INFO 14308 --- [restartedMain] br.com.wm.appapi.AppApiApplication       : Starting AppApiApplication using Java 1.8.0_281 on DESKTOP-E4FEAF1 with PID 14308 (C:\Fontes\FontesSTS\app-api\target\classes started by User in C:\Fontes\FontesSTS\app-api)
2022-05-16 08:57:10.647  INFO 14308 --- [restartedMain] br.com.wm.appapi.AppApiApplication       : The following 1 profile is active: "dev"
2022-05-16 08:57:10.723  INFO 14308 --- [restartedMain] .e.DevToolsPropertyDefaultsPostProcessor : Devtools property defaults active! Set 'spring.devtools.add-properties' to 'false' to disable
2022-05-16 08:57:10.723  INFO 14308 --- [restartedMain] .e.DevToolsPropertyDefaultsPostProcessor : For additional web related logging consider setting the 'logging.level.web' property to 'DEBUG'
2022-05-16 08:57:11.830  INFO 14308 --- [restartedMain] .s.d.r.c.RepositoryConfigurationDelegate : Bootstrapping Spring Data JPA repositories in DEFAULT mode.
2022-05-16 08:57:11.917  INFO 14308 --- [restartedMain] .s.d.r.c.RepositoryConfigurationDelegate : Finished Spring Data repository scanning in 71 ms. Found 2 JPA repository interfaces.
2022-05-16 08:57:13.470  INFO 14308 --- [restartedMain] o.s.b.w.embedded.tomcat.TomcatWebServer  : Tomcat initialized with port(s): 8080 (http)
2022-05-16 08:57:13.485  INFO 14308 --- [restartedMain] o.apache.catalina.core.StandardService   : Starting service [Tomcat]
2022-05-16 08:57:13.486  INFO 14308 --- [restartedMain] org.apache.catalina.core.StandardEngine  : Starting Servlet engine: [Apache Tomcat/9.0.60]
2022-05-16 08:57:13.584  INFO 14308 --- [restartedMain] o.a.c.c.C.[Tomcat].[localhost].[/]       : Initializing Spring embedded WebApplicationContext
2022-05-16 08:57:13.585  INFO 14308 --- [restartedMain] w.s.c.ServletWebServerApplicationContext : Root WebApplicationContext: initialization completed in 2861 ms
2022-05-16 08:57:13.637  INFO 14308 --- [restartedMain] com.zaxxer.hikari.HikariDataSource       : HikariPool-1 - Starting...
2022-05-16 08:57:14.082  INFO 14308 --- [restartedMain] com.zaxxer.hikari.HikariDataSource       : HikariPool-1 - Start completed.
2022-05-16 08:57:14.095  INFO 14308 --- [restartedMain] o.s.b.a.h2.H2ConsoleAutoConfiguration    : H2 console available at '/h2-console'. Database available at 'jdbc:mysql://localhost:3306/app?createDatabaseIfNotExist=true&useSSL=false&useTimezone=true&serverTimezone=America/Sao_Paulo&allowPublicKeyRetrieval=true'
2022-05-16 08:57:14.472  INFO 14308 --- [restartedMain] o.f.c.internal.license.VersionPrinter    : Flyway Community Edition 8.0.5 by Redgate
2022-05-16 08:57:14.473  INFO 14308 --- [restartedMain] o.f.c.i.database.base.BaseDatabaseType   : Database: jdbc:mysql://localhost:3306/app (MySQL 8.0)
2022-05-16 08:57:14.600  INFO 14308 --- [restartedMain] o.f.core.internal.command.DbValidate     : Successfully validated 2 migrations (execution time 00:00.050s)
2022-05-16 08:57:14.618  INFO 14308 --- [restartedMain] o.f.core.internal.command.DbMigrate      : Current version of schema `app`: 02
2022-05-16 08:57:14.620  INFO 14308 --- [restartedMain] o.f.core.internal.command.DbMigrate      : Schema `app` is up to date. No migration necessary.
2022-05-16 08:57:14.888  INFO 14308 --- [restartedMain] o.hibernate.jpa.internal.util.LogHelper  : HHH000204: Processing PersistenceUnitInfo [name: default]
2022-05-16 08:57:15.022  INFO 14308 --- [restartedMain] org.hibernate.Version                    : HHH000412: Hibernate ORM core version 5.6.7.Final
2022-05-16 08:57:15.481  INFO 14308 --- [restartedMain] o.hibernate.annotations.common.Version   : HCANN000001: Hibernate Commons Annotations {5.1.2.Final}
2022-05-16 08:57:15.901  INFO 14308 --- [restartedMain] org.hibernate.dialect.Dialect            : HHH000400: Using dialect: org.hibernate.dialect.MySQL57Dialect
2022-05-16 08:57:17.387  INFO 14308 --- [restartedMain] o.h.e.t.j.p.i.JtaPlatformInitiator       : HHH000490: Using JtaPlatform implementation: [org.hibernate.engine.transaction.jta.platform.internal.NoJtaPlatform]
2022-05-16 08:57:17.408  INFO 14308 --- [restartedMain] j.LocalContainerEntityManagerFactoryBean : Initialized JPA EntityManagerFactory for persistence unit 'default'
2022-05-16 08:57:17.414  INFO 14308 --- [restartedMain] br.com.wm.appapi.AppApiApplication       : Server running in UTC timezone :Mon May 16 08:57:17 BRT 2022
2022-05-16 08:57:18.235  WARN 14308 --- [restartedMain] JpaBaseConfiguration$JpaWebConfiguration : spring.jpa.open-in-view is enabled by default. Therefore, database queries may be performed during view rendering. Explicitly configure spring.jpa.open-in-view to disable this warning
2022-05-16 08:57:18.765  INFO 14308 --- [restartedMain] o.s.s.web.DefaultSecurityFilterChain     : Will not secure any request
2022-05-16 08:57:19.086  INFO 14308 --- [restartedMain] o.s.b.d.a.OptionalLiveReloadServer       : LiveReload server is running on port 35729
2022-05-16 08:57:19.176  INFO 14308 --- [restartedMain] o.s.b.w.embedded.tomcat.TomcatWebServer  : Tomcat started on port(s): 8080 (http) with context path ''
2022-05-16 08:57:19.187  INFO 14308 --- [restartedMain] br.com.wm.appapi.AppApiApplication       : Started AppApiApplication in 9.1 seconds (JVM running for 9.929)
2022-05-16 08:57:32.600  INFO 14308 --- [http-nio-8080-exec-1] o.a.c.c.C.[Tomcat].[localhost].[/]       : Initializing Spring DispatcherServlet 'dispatcherServlet'
2022-05-16 08:57:32.601  INFO 14308 --- [http-nio-8080-exec-1] o.s.web.servlet.DispatcherServlet        : Initializing Servlet 'dispatcherServlet'
2022-05-16 08:57:32.603  INFO 14308 --- [http-nio-8080-exec-1] o.s.web.servlet.DispatcherServlet        : Completed initialization in 2 ms
2022-05-16 08:57:33.372 ERROR 14308 --- [http-nio-8080-exec-2] br.com.wm.appapi.security.TokenService   : JWT token is expired: JWT expired at 2022-05-14T11:44:03Z. Current time: 2022-05-16T08:57:33Z, a difference of 162810371 milliseconds.  Allowed clock skew: 0 milliseconds.
2022-05-16 08:57:49.685 ERROR 14308 --- [http-nio-8080-exec-5] br.com.wm.appapi.security.TokenService   : JWT claims string is empty: JWT String argument cannot be null or empty.
2022-05-16 14:44:13.448 ERROR 14308 --- [http-nio-8080-exec-4] br.com.wm.appapi.security.TokenService   : JWT claims string is empty: JWT String argument cannot be null or empty.
2022-05-16 14:44:39.829 ERROR 14308 --- [http-nio-8080-exec-5] br.com.wm.appapi.security.TokenService   : JWT claims string is empty: JWT String argument cannot be null or empty.
